c:\users\gameuser\desktop\2018\gamesengineering\astarambush\gamesengineering2\astarambush\astarambush\debug\vc141.pdb
c:\users\gameuser\desktop\2018\gamesengineering\astarambush\gamesengineering2\astarambush\astarambush\debug\vc141.idb
c:\users\gameuser\desktop\2018\gamesengineering\astarambush\gamesengineering2\astarambush\astarambush\debug\basictile.obj
c:\users\gameuser\desktop\2018\gamesengineering\astarambush\gamesengineering2\astarambush\astarambush\debug\inputhandler.obj
c:\users\gameuser\desktop\2018\gamesengineering\astarambush\gamesengineering2\astarambush\astarambush\debug\game.obj
c:\users\gameuser\desktop\2018\gamesengineering\astarambush\gamesengineering2\astarambush\astarambush\debug\map.obj
c:\users\gameuser\desktop\2018\gamesengineering\astarambush\gamesengineering2\astarambush\astarambush\debug\main.obj
d:\astarambushproject\gamesengineering2\astarambush\debug\astarambush.exe
d:\astarambushproject\gamesengineering2\astarambush\debug\astarambush.ilk
d:\astarambushproject\gamesengineering2\astarambush\debug\astarambush.pdb
c:\users\gameuser\desktop\2018\gamesengineering\astarambush\gamesengineering2\astarambush\debug\astarambush.ilk
c:\users\gameuser\desktop\2018\gamesengineering\astarambush\gamesengineering2\astarambush\debug\astarambush.exe
c:\users\gameuser\desktop\2018\gamesengineering\astarambush\gamesengineering2\astarambush\debug\astarambush.pdb
c:\users\gameuser\desktop\2018\gamesengineering\astarambush\gamesengineering2\astarambush\astarambush\debug\agent.obj
c:\users\gameuser\desktop\2018\gamesengineering\astarambush\gamesengineering2\astarambush\astarambush\debug\astarambush.obj
c:\users\gameuser\desktop\2018\gamesengineering\astarambush\gamesengineering2\astarambush\astarambush\debug\astarambush.tlog\cl.command.1.tlog
c:\users\gameuser\desktop\2018\gamesengineering\astarambush\gamesengineering2\astarambush\astarambush\debug\astarambush.tlog\cl.read.1.tlog
c:\users\gameuser\desktop\2018\gamesengineering\astarambush\gamesengineering2\astarambush\astarambush\debug\astarambush.tlog\cl.write.1.tlog
c:\users\gameuser\desktop\2018\gamesengineering\astarambush\gamesengineering2\astarambush\astarambush\debug\astarambush.tlog\link-cvtres.read.1.tlog
c:\users\gameuser\desktop\2018\gamesengineering\astarambush\gamesengineering2\astarambush\astarambush\debug\astarambush.tlog\link-cvtres.write.1.tlog
c:\users\gameuser\desktop\2018\gamesengineering\astarambush\gamesengineering2\astarambush\astarambush\debug\astarambush.tlog\link-rc.read.1.tlog
c:\users\gameuser\desktop\2018\gamesengineering\astarambush\gamesengineering2\astarambush\astarambush\debug\astarambush.tlog\link-rc.write.1.tlog
c:\users\gameuser\desktop\2018\gamesengineering\astarambush\gamesengineering2\astarambush\astarambush\debug\astarambush.tlog\link.17732-cvtres.read.1.tlog
c:\users\gameuser\desktop\2018\gamesengineering\astarambush\gamesengineering2\astarambush\astarambush\debug\astarambush.tlog\link.17732-cvtres.write.1.tlog
c:\users\gameuser\desktop\2018\gamesengineering\astarambush\gamesengineering2\astarambush\astarambush\debug\astarambush.tlog\link.17732-rc.read.1.tlog
c:\users\gameuser\desktop\2018\gamesengineering\astarambush\gamesengineering2\astarambush\astarambush\debug\astarambush.tlog\link.17732-rc.write.1.tlog
c:\users\gameuser\desktop\2018\gamesengineering\astarambush\gamesengineering2\astarambush\astarambush\debug\astarambush.tlog\link.17732.read.1.tlog
c:\users\gameuser\desktop\2018\gamesengineering\astarambush\gamesengineering2\astarambush\astarambush\debug\astarambush.tlog\link.17732.write.1.tlog
c:\users\gameuser\desktop\2018\gamesengineering\astarambush\gamesengineering2\astarambush\astarambush\debug\astarambush.tlog\link.command.1.tlog
c:\users\gameuser\desktop\2018\gamesengineering\astarambush\gamesengineering2\astarambush\astarambush\debug\astarambush.tlog\link.read.1.tlog
c:\users\gameuser\desktop\2018\gamesengineering\astarambush\gamesengineering2\astarambush\astarambush\debug\astarambush.tlog\link.write.1.tlog
