  Game.cpp
c:\users\gameuser\desktop\2018\gamesengineering\astarambush\11 04 2018\gamesengineering2\astarambush\astarambush\graph.h(568): warning C4244: 'argument': conversion from 'const int' to 'float', possible loss of data
  c:\users\gameuser\desktop\2018\gamesengineering\astarambush\11 04 2018\gamesengineering2\astarambush\astarambush\graph.h(562): note: while compiling class template member function 'void Graph<std::pair<std::string,int>,int>::aStarAmbush(GraphNode<std::pair<std::string,int>,int> *,GraphNode<std::pair<std::string,int>,int> *,std::vector<theAgent *,std::allocator<_Ty>> &,Agent<std::pair<std::string,int>,int> *)'
          with
          [
              _Ty=theAgent *
          ]
  c:\users\gameuser\desktop\2018\gamesengineering\astarambush\11 04 2018\gamesengineering2\astarambush\astarambush\game.cpp(93): note: see reference to function template instantiation 'void Graph<std::pair<std::string,int>,int>::aStarAmbush(GraphNode<std::pair<std::string,int>,int> *,GraphNode<std::pair<std::string,int>,int> *,std::vector<theAgent *,std::allocator<_Ty>> &,Agent<std::pair<std::string,int>,int> *)' being compiled
          with
          [
              _Ty=theAgent *
          ]
  c:\users\gameuser\desktop\2018\gamesengineering\astarambush\11 04 2018\gamesengineering2\astarambush\astarambush\game.cpp(26): note: see reference to class template instantiation 'Graph<std::pair<std::string,int>,int>' being compiled
c:\users\gameuser\desktop\2018\gamesengineering\astarambush\11 04 2018\gamesengineering2\astarambush\astarambush\graph.h(541): warning C4244: 'argument': conversion from 'double' to 'float', possible loss of data
  c:\users\gameuser\desktop\2018\gamesengineering\astarambush\11 04 2018\gamesengineering2\astarambush\astarambush\graph.h(531): note: while compiling class template member function 'void Graph<std::pair<std::string,int>,int>::aStarAmbushInitialize(GraphNode<std::pair<std::string,int>,int> *,std::priority_queue<GraphNode<std::pair<std::string,int>,int> *,std::vector<Node *,std::allocator<_Ty>>,NodeSearchCostComparer2<NodeType,ArcType>> *)'
          with
          [
              _Ty=Node *,
              NodeType=std::pair<std::string,int>,
              ArcType=int
          ]
  c:\users\gameuser\desktop\2018\gamesengineering\astarambush\11 04 2018\gamesengineering2\astarambush\astarambush\graph.h(576): note: see reference to function template instantiation 'void Graph<std::pair<std::string,int>,int>::aStarAmbushInitialize(GraphNode<std::pair<std::string,int>,int> *,std::priority_queue<GraphNode<std::pair<std::string,int>,int> *,std::vector<Node *,std::allocator<_Ty>>,NodeSearchCostComparer2<NodeType,ArcType>> *)' being compiled
          with
          [
              _Ty=Node *,
              NodeType=std::pair<std::string,int>,
              ArcType=int
          ]
  c:\users\gameuser\desktop\2018\gamesengineering\astarambush\11 04 2018\gamesengineering2\astarambush\astarambush\graph.h(114): note: while compiling class template member function 'Graph<std::pair<std::string,int>,int>::Graph(int)'
  c:\users\gameuser\desktop\2018\gamesengineering\astarambush\11 04 2018\gamesengineering2\astarambush\astarambush\game.cpp(26): note: see reference to function template instantiation 'Graph<std::pair<std::string,int>,int>::Graph(int)' being compiled
c:\users\gameuser\desktop\2018\gamesengineering\astarambush\11 04 2018\gamesengineering2\astarambush\astarambush\graph.h(672): warning C4018: '<': signed/unsigned mismatch
  c:\users\gameuser\desktop\2018\gamesengineering\astarambush\11 04 2018\gamesengineering2\astarambush\astarambush\graph.h(655): note: while compiling class template member function 'int Graph<std::pair<std::string,int>,int>::calculateDegree(GraphNode<std::pair<std::string,int>,int> *,std::vector<theAgent *,std::allocator<_Ty>>,Agent<std::pair<std::string,int>,int> *)'
          with
          [
              _Ty=theAgent *
          ]
  c:\users\gameuser\desktop\2018\gamesengineering\astarambush\11 04 2018\gamesengineering2\astarambush\astarambush\graph.h(594): note: see reference to function template instantiation 'int Graph<std::pair<std::string,int>,int>::calculateDegree(GraphNode<std::pair<std::string,int>,int> *,std::vector<theAgent *,std::allocator<_Ty>>,Agent<std::pair<std::string,int>,int> *)' being compiled
          with
          [
              _Ty=theAgent *
          ]
c:\users\gameuser\desktop\2018\gamesengineering\astarambush\11 04 2018\gamesengineering2\astarambush\astarambush\graph.h(674): warning C4018: '<': signed/unsigned mismatch
c:\users\gameuser\desktop\2018\gamesengineering\astarambush\11 04 2018\gamesengineering2\astarambush\astarambush\graph.h(36): warning C4244: 'initializing': conversion from 'float' to 'int', possible loss of data
  c:\users\gameuser\desktop\2018\gamesengineering\astarambush\11 04 2018\gamesengineering2\astarambush\astarambush\graph.h(35): note: while compiling class template member function 'bool NodeSearchCostComparer2<NodeType,ArcType>::operator ()(GraphNode<NodeType,ArcType> *,GraphNode<NodeType,ArcType> *)'
          with
          [
              NodeType=std::pair<std::string,int>,
              ArcType=int
          ]
  c:\program files (x86)\microsoft visual studio\2017\community\vc\tools\msvc\14.12.25827\include\xutility(1019): note: see reference to function template instantiation 'bool NodeSearchCostComparer2<NodeType,ArcType>::operator ()(GraphNode<NodeType,ArcType> *,GraphNode<NodeType,ArcType> *)' being compiled
          with
          [
              NodeType=std::pair<std::string,int>,
              ArcType=int
          ]
  c:\program files (x86)\microsoft visual studio\2017\community\vc\tools\msvc\14.12.25827\include\queue(376): note: see reference to class template instantiation 'NodeSearchCostComparer2<NodeType,ArcType>' being compiled
          with
          [
              NodeType=std::pair<std::string,int>,
              ArcType=int
          ]
  c:\users\gameuser\desktop\2018\gamesengineering\astarambush\11 04 2018\gamesengineering2\astarambush\astarambush\graph.h(574): note: see reference to class template instantiation 'std::priority_queue<GraphNode<std::pair<std::string,int>,int> *,std::vector<Node *,std::allocator<_Ty>>,NodeSearchCostComparer2<NodeType,ArcType>>' being compiled
          with
          [
              _Ty=Node *,
              NodeType=std::pair<std::string,int>,
              ArcType=int
          ]
  c:\users\gameuser\desktop\2018\gamesengineering\astarambush\11 04 2018\gamesengineering2\astarambush\astarambush\graph.h(562): note: while compiling class template member function 'void Graph<std::pair<std::string,int>,int>::aStarAmbush(GraphNode<std::pair<std::string,int>,int> *,GraphNode<std::pair<std::string,int>,int> *,std::vector<theAgent *,std::allocator<_Ty>> &,Agent<std::pair<std::string,int>,int> *)'
          with
          [
              _Ty=theAgent *
          ]
  c:\users\gameuser\desktop\2018\gamesengineering\astarambush\11 04 2018\gamesengineering2\astarambush\astarambush\game.cpp(93): note: see reference to function template instantiation 'void Graph<std::pair<std::string,int>,int>::aStarAmbush(GraphNode<std::pair<std::string,int>,int> *,GraphNode<std::pair<std::string,int>,int> *,std::vector<theAgent *,std::allocator<_Ty>> &,Agent<std::pair<std::string,int>,int> *)' being compiled
          with
          [
              _Ty=theAgent *
          ]
c:\users\gameuser\desktop\2018\gamesengineering\astarambush\11 04 2018\gamesengineering2\astarambush\astarambush\graph.h(37): warning C4244: 'initializing': conversion from 'float' to 'int', possible loss of data
  AStarAmbush.vcxproj -> C:\Users\gameuser\Desktop\2018\GamesEngineering\AStarAmbush\11 04 2018\GamesEngineering2\AStarAmbush\Debug\AStarAmbush.exe
